Detecting compiler hash for triplet x64-windows...
Compiler found: C:/Program Files/Microsoft Visual Studio/18/Community/VC/Tools/MSVC/14.50.35717/bin/Hostx64/x64/cl.exe
The following packages will be built and installed:
    directx-headers:x64-windows@1.618.2
  * fmt:x64-windows@12.1.0
    glm:x64-windows@1.0.2
    nlohmann-json:x64-windows@3.12.0#1
    sdl3:x64-windows@3.2.26#1
    spdlog:x64-windows@1.16.0
  * vcpkg-cmake:x64-windows@2024-04-23
  * vcpkg-cmake-config:x64-windows@2024-05-23
Additional packages (*) will be modified to complete this operation.
Restored 8 package(s) from C:\Users\Ahmed\AppData\Local\vcpkg\archives in 1.2 s. Use --debug to see more details.
Installing 1/8 vcpkg-cmake-config:x64-windows@2024-05-23...
Elapsed time to handle vcpkg-cmake-config:x64-windows: 6.22 ms
vcpkg-cmake-config:x64-windows package ABI: 4d75d6b1fef2392fe0bef85796c295bda5363876e4162546e1b7974d55dfc74c
Installing 2/8 vcpkg-cmake:x64-windows@2024-04-23...
Elapsed time to handle vcpkg-cmake:x64-windows: 19 ms
vcpkg-cmake:x64-windows package ABI: 84011756e153979d9f7f6c5c99e2c5a26929a98e52b9e40ce4f3aef100122523
Installing 3/8 directx-headers:x64-windows@1.618.2...
Elapsed time to handle directx-headers:x64-windows: 47.1 ms
directx-headers:x64-windows package ABI: 95e86a4b060c69a5a4d498f39f9227a1910ec3c54257e03e7b011d2a93dda7f3
Installing 4/8 glm:x64-windows@1.0.2...
Elapsed time to handle glm:x64-windows: 425 ms
glm:x64-windows package ABI: 3fc28443fc4b3c7fcc9c1e52c8f50617463ef91d25277d4a081679643db19a26
Installing 5/8 nlohmann-json:x64-windows@3.12.0#1...
Elapsed time to handle nlohmann-json:x64-windows: 62.7 ms
nlohmann-json:x64-windows package ABI: ff26db108c999a20911c7b0b6ee597c523cb34e21b98957ae87e6f7b0e48d391
Installing 6/8 sdl3:x64-windows@3.2.26#1...
Elapsed time to handle sdl3:x64-windows: 115 ms
sdl3:x64-windows package ABI: 2dd5adc62e3b0e84d8cd798e39f4b008143f4927179e5427a401a7598086a889
Installing 7/8 fmt:x64-windows@12.1.0...
Elapsed time to handle fmt:x64-windows: 410 ms
fmt:x64-windows package ABI: 1500ed52a772ae004326c070eebb62a527dcc4276dd3756cefc6bb4a1ab18d9a
Installing 8/8 spdlog:x64-windows@1.16.0...
Elapsed time to handle spdlog:x64-windows: 97.7 ms
spdlog:x64-windows package ABI: 5d8406feabe81199116a056879d535f0986f27875c636dd9c5be51aea91a3be1
Installed contents are licensed to you by owners. Microsoft is not responsible for, nor does it grant any licenses to, third-party packages.
Packages installed in this vcpkg installation declare the following licenses:
Apache-2.0
MIT
Zlib
The DirectX Headers package provides CMake targets:

    find_package(directx-headers CONFIG REQUIRED)
    target_link_libraries(main PRIVATE Microsoft::DirectX-Headers)

The package glm provides CMake targets:

    find_package(glm CONFIG REQUIRED)
    target_link_libraries(main PRIVATE glm::glm)

    # Or use the header-only version
    find_package(glm CONFIG REQUIRED)
    target_link_libraries(main PRIVATE glm::glm-header-only)

The package nlohmann-json provides CMake targets:

    find_package(nlohmann_json CONFIG REQUIRED)
    target_link_libraries(main PRIVATE nlohmann_json::nlohmann_json)

The package nlohmann-json can be configured to not provide implicit conversions via a custom triplet file:

    set(nlohmann-json_IMPLICIT_CONVERSIONS OFF)

For more information, see the docs here:
    
    https://json.nlohmann.me/api/macros/json_use_implicit_conversions/

sdl3 provides CMake targets:

  find_package(SDL3 CONFIG REQUIRED)
  target_link_libraries(main PRIVATE SDL3::SDL3)

The package spdlog provides CMake targets:

    find_package(spdlog CONFIG REQUIRED)
    target_link_libraries(main PRIVATE spdlog::spdlog)

    # Or use the header-only version
    find_package(spdlog CONFIG REQUIRED)
    target_link_libraries(main PRIVATE spdlog::spdlog_header_only)

All requested installations completed successfully in: 1.4 s
